  MONGODB admin['$cmd'].find({:ismaster=>1}, {}).limit(-1)
not paired
  MONGODB admin['$cmd'].find({:buildinfo=>1}, {}).limit(-1)
  MONGODB admin['$cmd'].find({:ismaster=>1}, {}).limit(-1)
not paired
  MONGODB admin['$cmd'].find({:buildinfo=>1}, {}).limit(-1)
  MONGODB admin['$cmd'].find({:ismaster=>1}, {}).limit(-1)
not paired
  MONGODB admin['$cmd'].find({:buildinfo=>1}, {}).limit(-1)
  MONGODB admin['$cmd'].find({:ismaster=>1}, {}).limit(-1)
not paired
  MONGODB admin['$cmd'].find({:buildinfo=>1}, {}).limit(-1)
  MONGODB admin['$cmd'].find({:ismaster=>1}, {}).limit(-1)
not paired
  MONGODB admin['$cmd'].find({:buildinfo=>1}, {}).limit(-1)
  MONGODB admin['$cmd'].find({:ismaster=>1}, {}).limit(-1)
not paired
  MONGODB admin['$cmd'].find({:buildinfo=>1}, {}).limit(-1)
  MONGODB admin['$cmd'].find({:ismaster=>1}, {}).limit(-1)
not paired
  MONGODB admin['$cmd'].find({:buildinfo=>1}, {}).limit(-1)
  MONGODB admin['$cmd'].find({:ismaster=>1}, {}).limit(-1)
not paired
  MONGODB admin['$cmd'].find({:buildinfo=>1}, {}).limit(-1)
  MONGODB admin['$cmd'].find({:ismaster=>1}, {}).limit(-1)
not paired
  MONGODB admin['$cmd'].find({:buildinfo=>1}, {}).limit(-1)
  MONGODB admin['$cmd'].find({:ismaster=>1}, {}).limit(-1)
not paired
  MONGODB admin['$cmd'].find({:buildinfo=>1}, {}).limit(-1)
  MONGODB admin['$cmd'].find({:ismaster=>1}, {}).limit(-1)
not paired
  MONGODB admin['$cmd'].find({:buildinfo=>1}, {}).limit(-1)
  MONGODB admin['$cmd'].find({:ismaster=>1}, {}).limit(-1)
not paired
  MONGODB admin['$cmd'].find({:buildinfo=>1}, {}).limit(-1)
  MONGODB admin['$cmd'].find({:ismaster=>1}, {}).limit(-1)
not paired
  MONGODB admin['$cmd'].find({:buildinfo=>1}, {}).limit(-1)
  MONGODB admin['$cmd'].find({:ismaster=>1}, {}).limit(-1)
not paired
  MONGODB admin['$cmd'].find({:buildinfo=>1}, {}).limit(-1)
  MONGODB admin['$cmd'].find({:ismaster=>1}, {}).limit(-1)
not paired
  MONGODB admin['$cmd'].find({:buildinfo=>1}, {}).limit(-1)
  MONGODB admin['$cmd'].find({:ismaster=>1}, {}).limit(-1)
not paired
  MONGODB admin['$cmd'].find({:buildinfo=>1}, {}).limit(-1)
  MONGODB admin['$cmd'].find({:ismaster=>1}, {}).limit(-1)
not paired
  MONGODB admin['$cmd'].find({:buildinfo=>1}, {}).limit(-1)
  MONGODB admin['$cmd'].find({:ismaster=>1}, {}).limit(-1)
not paired
  MONGODB admin['$cmd'].find({:buildinfo=>1}, {}).limit(-1)
  MONGODB admin['$cmd'].find({:ismaster=>1}, {}).limit(-1)
not paired
  MONGODB admin['$cmd'].find({:buildinfo=>1}, {}).limit(-1)
  MONGODB admin['$cmd'].find({:ismaster=>1}, {}).limit(-1)
not paired
  MONGODB admin['$cmd'].find({:buildinfo=>1}, {}).limit(-1)
  MONGODB admin['$cmd'].find({:ismaster=>1}, {}).limit(-1)
not paired
  MONGODB admin['$cmd'].find({:buildinfo=>1}, {}).limit(-1)
  MONGODB admin['$cmd'].find({:ismaster=>1}, {}).limit(-1)
not paired
  MONGODB admin['$cmd'].find({:buildinfo=>1}, {}).limit(-1)
  MONGODB admin['$cmd'].find({:ismaster=>1}, {}).limit(-1)
not paired
  MONGODB admin['$cmd'].find({:buildinfo=>1}, {}).limit(-1)
  MONGODB admin['$cmd'].find({:ismaster=>1}, {}).limit(-1)
not paired
  MONGODB admin['$cmd'].find({:buildinfo=>1}, {}).limit(-1)
  MONGODB admin['$cmd'].find({:ismaster=>1}, {}).limit(-1)
not paired
  MONGODB admin['$cmd'].find({:buildinfo=>1}, {}).limit(-1)
  MONGODB admin['$cmd'].find({:ismaster=>1}, {}).limit(-1)
not paired
  MONGODB admin['$cmd'].find({:buildinfo=>1}, {}).limit(-1)
  MONGODB admin['$cmd'].find({:ismaster=>1}, {}).limit(-1)
not paired
  MONGODB admin['$cmd'].find({:buildinfo=>1}, {}).limit(-1)
  MONGODB admin['$cmd'].find({:ismaster=>1}, {}).limit(-1)
not paired
  MONGODB admin['$cmd'].find({:buildinfo=>1}, {}).limit(-1)
  MONGODB admin['$cmd'].find({:ismaster=>1}, {}).limit(-1)
not paired
  MONGODB admin['$cmd'].find({:buildinfo=>1}, {}).limit(-1)
  MONGODB admin['$cmd'].find({:ismaster=>1}, {}).limit(-1)
not paired
  MONGODB admin['$cmd'].find({:buildinfo=>1}, {}).limit(-1)
  MONGODB admin['$cmd'].find({:ismaster=>1}, {}).limit(-1)
not paired
  MONGODB admin['$cmd'].find({:buildinfo=>1}, {}).limit(-1)
  MONGODB admin['$cmd'].find({:ismaster=>1}, {}).limit(-1)
not paired
  MONGODB admin['$cmd'].find({:buildinfo=>1}, {}).limit(-1)
  MONGODB admin['$cmd'].find({:ismaster=>1}, {}).limit(-1)
not paired
  MONGODB admin['$cmd'].find({:buildinfo=>1}, {}).limit(-1)
  MONGODB admin['$cmd'].find({:ismaster=>1}, {}).limit(-1)
not paired
  MONGODB admin['$cmd'].find({:buildinfo=>1}, {}).limit(-1)
  MONGODB admin['$cmd'].find({:ismaster=>1}, {}).limit(-1)
not paired
  MONGODB admin['$cmd'].find({:buildinfo=>1}, {}).limit(-1)
  MONGODB admin['$cmd'].find({:ismaster=>1}, {}).limit(-1)
not paired
  MONGODB admin['$cmd'].find({:buildinfo=>1}, {}).limit(-1)
  MONGODB admin['$cmd'].find({:ismaster=>1}, {}).limit(-1)
not paired
  MONGODB admin['$cmd'].find({:buildinfo=>1}, {}).limit(-1)
  MONGODB admin['$cmd'].find({:ismaster=>1}, {}).limit(-1)
not paired
  MONGODB admin['$cmd'].find({:buildinfo=>1}, {}).limit(-1)
  MONGODB admin['$cmd'].find({:ismaster=>1}, {}).limit(-1)
not paired
  MONGODB admin['$cmd'].find({:buildinfo=>1}, {}).limit(-1)
  MONGODB admin['$cmd'].find({:ismaster=>1}, {}).limit(-1)
not paired
  MONGODB admin['$cmd'].find({:buildinfo=>1}, {}).limit(-1)
  MONGODB admin['$cmd'].find({:ismaster=>1}, {}).limit(-1)
not paired
  MONGODB admin['$cmd'].find({:buildinfo=>1}, {}).limit(-1)
  MONGODB admin['$cmd'].find({:ismaster=>1}, {}).limit(-1)
not paired
  MONGODB admin['$cmd'].find({:buildinfo=>1}, {}).limit(-1)
  MONGODB admin['$cmd'].find({:ismaster=>1}, {}).limit(-1)
not paired
  MONGODB admin['$cmd'].find({:buildinfo=>1}, {}).limit(-1)
  MONGODB admin['$cmd'].find({:ismaster=>1}, {}).limit(-1)
not paired
  MONGODB admin['$cmd'].find({:buildinfo=>1}, {}).limit(-1)
  MONGODB admin['$cmd'].find({:ismaster=>1}, {}).limit(-1)
not paired
  MONGODB admin['$cmd'].find({:buildinfo=>1}, {}).limit(-1)
  MONGODB admin['$cmd'].find({:ismaster=>1}, {}).limit(-1)
not paired
  MONGODB admin['$cmd'].find({:buildinfo=>1}, {}).limit(-1)
  MONGODB admin['$cmd'].find({:ismaster=>1}, {}).limit(-1)
not paired
  MONGODB admin['$cmd'].find({:buildinfo=>1}, {}).limit(-1)
  MONGODB admin['$cmd'].find({:ismaster=>1}, {}).limit(-1)
not paired
  MONGODB admin['$cmd'].find({:buildinfo=>1}, {}).limit(-1)
  MONGODB admin['$cmd'].find({:ismaster=>1}, {}).limit(-1)
not paired
  MONGODB admin['$cmd'].find({:buildinfo=>1}, {}).limit(-1)
  MONGODB admin['$cmd'].find({:ismaster=>1}, {}).limit(-1)
not paired
  MONGODB admin['$cmd'].find({:buildinfo=>1}, {}).limit(-1)
  MONGODB admin['$cmd'].find({:ismaster=>1}, {}).limit(-1)
not paired
  MONGODB admin['$cmd'].find({:buildinfo=>1}, {}).limit(-1)
  MONGODB admin['$cmd'].find({:ismaster=>1}, {}).limit(-1)
not paired
  MONGODB admin['$cmd'].find({:buildinfo=>1}, {}).limit(-1)
  MONGODB admin['$cmd'].find({:ismaster=>1}, {}).limit(-1)
not paired
  MONGODB admin['$cmd'].find({:buildinfo=>1}, {}).limit(-1)
  MONGODB admin['$cmd'].find({:ismaster=>1}, {}).limit(-1)
not paired
  MONGODB admin['$cmd'].find({:buildinfo=>1}, {}).limit(-1)
  MONGODB admin['$cmd'].find({:ismaster=>1}, {}).limit(-1)
not paired
  MONGODB admin['$cmd'].find({:buildinfo=>1}, {}).limit(-1)
  MONGODB admin['$cmd'].find({:ismaster=>1}, {}).limit(-1)
not paired
  MONGODB admin['$cmd'].find({:buildinfo=>1}, {}).limit(-1)
  MONGODB admin['$cmd'].find({:ismaster=>1}, {}).limit(-1)
  MONGODB admin['$cmd'].find({:buildinfo=>1}, {}).limit(-1)


Started GET "/rails/info/properties" for 127.0.0.1 at Sat Aug 21 15:56:52 +0200 2010
  Processing by Rails::InfoController#properties as */*
Rendered inline template (0.6ms)
Completed 200 OK in 36ms (Views: 2.5ms)


Started GET "/rails/info/properties" for 127.0.0.1 at Sat Aug 21 16:05:12 +0200 2010
  Processing by Rails::InfoController#properties as */*
Rendered inline template (1.4ms)
Completed 200 OK in 6ms (Views: 4.7ms)
  MONGODB admin['$cmd'].find({:ismaster=>1}, {}).limit(-1)
  MONGODB admin['$cmd'].find({:buildinfo=>1}, {}).limit(-1)
  MONGODB admin['$cmd'].find({:ismaster=>1}, {}).limit(-1)
  MONGODB admin['$cmd'].find({:buildinfo=>1}, {}).limit(-1)
  MONGODB admin['$cmd'].find({:ismaster=>1}, {}).limit(-1)
  MONGODB admin['$cmd'].find({:buildinfo=>1}, {}).limit(-1)
  MONGODB admin['$cmd'].find({:ismaster=>1}, {}).limit(-1)
  MONGODB admin['$cmd'].find({:buildinfo=>1}, {}).limit(-1)
  MONGODB admin['$cmd'].find({:ismaster=>1}, {}).limit(-1)
  MONGODB admin['$cmd'].find({:buildinfo=>1}, {}).limit(-1)
  MONGODB admin['$cmd'].find({:ismaster=>1}, {}).limit(-1)
  MONGODB admin['$cmd'].find({:buildinfo=>1}, {}).limit(-1)
  MONGODB admin['$cmd'].find({:ismaster=>1}, {}).limit(-1)
  MONGODB admin['$cmd'].find({:buildinfo=>1}, {}).limit(-1)


Started GET "/users/new" for 127.0.0.1 at Sat Aug 21 23:27:48 +0200 2010
  Processing by UsersController#new as HTML
DEPRECATION WARNING: <% %> style block helpers are deprecated. Please use <%= %>. (called from _app_views_users_new_html_erb__1761052390_70023943837560_0 at /home/hendrik/work/projects/gundua/ruby_africa/app/views/users/new.html.erb:3)
Rendered users/new.html.erb within layouts/application (10.7ms)
Completed 200 OK in 17ms (Views: 15.5ms)


Started GET "/javascripts/prototype.js" for 127.0.0.1 at Sat Aug 21 23:27:48 +0200 2010

ActionController::RoutingError (No route matches "/javascripts/prototype.js"):
  

Rendered /usr/lib/ruby/gems/1.8/gems/actionpack-3.0.0.rc/lib/action_dispatch/middleware/templates/rescues/routing_error.erb within rescues/layout (1.2ms)


Started GET "/javascripts/effects.js" for 127.0.0.1 at Sat Aug 21 23:27:49 +0200 2010

ActionController::RoutingError (No route matches "/javascripts/effects.js"):
  

Rendered /usr/lib/ruby/gems/1.8/gems/actionpack-3.0.0.rc/lib/action_dispatch/middleware/templates/rescues/routing_error.erb within rescues/layout (1.2ms)


Started GET "/javascripts/dragdrop.js" for 127.0.0.1 at Sat Aug 21 23:27:49 +0200 2010

ActionController::RoutingError (No route matches "/javascripts/dragdrop.js"):
  

Rendered /usr/lib/ruby/gems/1.8/gems/actionpack-3.0.0.rc/lib/action_dispatch/middleware/templates/rescues/routing_error.erb within rescues/layout (1.2ms)


Started GET "/javascripts/controls.js" for 127.0.0.1 at Sat Aug 21 23:27:49 +0200 2010

ActionController::RoutingError (No route matches "/javascripts/controls.js"):
  

Rendered /usr/lib/ruby/gems/1.8/gems/actionpack-3.0.0.rc/lib/action_dispatch/middleware/templates/rescues/routing_error.erb within rescues/layout (1.3ms)


Started POST "/users" for 127.0.0.1 at Sat Aug 21 23:27:57 +0200 2010
  Processing by UsersController#create as HTML
  Parameters: {"commit"=>"Sign up", "authenticity_token"=>"6nLXkL9YPxpGuLwIxzptQ9MlyDVGtlVonvNnPjAXC+s=", "_snowman"=>"☃", "user"=>{"email_address"=>"hflouw@gmail.com"}}
  MONGODB ruby_africa_development['$cmd'].find({"count"=>"users", "query"=>{:email_address=>"hflouw@gmail.com"}, "fields"=>nil}, {}).limit(-1)
  MONGODB ruby_africa_development['users'].insert([{"_id"=>BSON::ObjectID('4c7044dd28723f22f8000002'), "email_address"=>"hflouw@gmail.com"}])
Redirected to http://localhost:8080/users/4c7044dd28723f22f8000002
Completed 302 Found in 760ms


Started GET "/users/4c7044dd28723f22f8000002" for 127.0.0.1 at Sat Aug 21 23:27:58 +0200 2010
  Processing by UsersController#show as HTML
  Parameters: {"id"=>"4c7044dd28723f22f8000002"}
Rendered users/show.html.erb within layouts/application (3.2ms)
Completed 200 OK in 9ms (Views: 8.1ms)


Started GET "/javascripts/prototype.js" for 127.0.0.1 at Sat Aug 21 23:27:58 +0200 2010

ActionController::RoutingError (No route matches "/javascripts/prototype.js"):
  

Rendered /usr/lib/ruby/gems/1.8/gems/actionpack-3.0.0.rc/lib/action_dispatch/middleware/templates/rescues/routing_error.erb within rescues/layout (1.2ms)


Started GET "/javascripts/effects.js" for 127.0.0.1 at Sat Aug 21 23:27:58 +0200 2010

ActionController::RoutingError (No route matches "/javascripts/effects.js"):
  

Rendered /usr/lib/ruby/gems/1.8/gems/actionpack-3.0.0.rc/lib/action_dispatch/middleware/templates/rescues/routing_error.erb within rescues/layout (1.2ms)


Started GET "/javascripts/dragdrop.js" for 127.0.0.1 at Sat Aug 21 23:27:58 +0200 2010

ActionController::RoutingError (No route matches "/javascripts/dragdrop.js"):
  

Rendered /usr/lib/ruby/gems/1.8/gems/actionpack-3.0.0.rc/lib/action_dispatch/middleware/templates/rescues/routing_error.erb within rescues/layout (1.2ms)


Started GET "/javascripts/controls.js" for 127.0.0.1 at Sat Aug 21 23:27:58 +0200 2010

ActionController::RoutingError (No route matches "/javascripts/controls.js"):
  

Rendered /usr/lib/ruby/gems/1.8/gems/actionpack-3.0.0.rc/lib/action_dispatch/middleware/templates/rescues/routing_error.erb within rescues/layout (1.2ms)
  MONGODB admin['$cmd'].find({:ismaster=>1}, {}).limit(-1)
  MONGODB admin['$cmd'].find({:buildinfo=>1}, {}).limit(-1)
  MONGODB admin['$cmd'].find({:ismaster=>1}, {}).limit(-1)
  MONGODB ruby_africa_development['system.namespaces'].find({}, {})
  MONGODB ruby_africa_development['system.namespaces'].find({}, {})
  MONGODB ruby_africa_development['$cmd'].find({:drop=>"users"}, {}).limit(-1)
  MONGODB admin['$cmd'].find({:ismaster=>1}, {}).limit(-1)
  MONGODB admin['$cmd'].find({:buildinfo=>1}, {}).limit(-1)
  MONGODB admin['$cmd'].find({:ismaster=>1}, {}).limit(-1)
  MONGODB ruby_africa_development['system.namespaces'].find({}, {})
  MONGODB admin['$cmd'].find({:ismaster=>1}, {}).limit(-1)
  MONGODB admin['$cmd'].find({:buildinfo=>1}, {}).limit(-1)
  MONGODB admin['$cmd'].find({:ismaster=>1}, {}).limit(-1)
  MONGODB admin['$cmd'].find({:buildinfo=>1}, {}).limit(-1)


Started GET "/" for 127.0.0.1 at Tue Aug 24 22:54:20 +0200 2010

AbstractController::ActionNotFound (The action 'home' could not be found for FrontendsController):
  

Rendered /usr/lib/ruby/gems/1.8/gems/actionpack-3.0.0.rc/lib/action_dispatch/middleware/templates/rescues/unknown_action.erb within rescues/layout (1.2ms)


Started GET "/" for 127.0.0.1 at Tue Aug 24 22:54:45 +0200 2010
  Processing by FrontendsController#home as HTML
Rendered frontends/home.html.erb within layouts/application (2.6ms)
Completed 200 OK in 10ms (Views: 9.3ms)


Started GET "/" for 127.0.0.1 at Tue Aug 24 23:22:55 +0200 2010
  Processing by FrontendsController#home as HTML
Rendered frontends/home.html.erb within layouts/application (2.3ms)
Completed 200 OK in 8ms (Views: 7.0ms)
